2018-11-26 15:18:52 [INFO] [custom/test/monitor/bin/source/httpServer.go:39] æ“ä½œäººï¼šlihs,æ“ä½œä»»åŠ¡batï¼š./restart.bat 
2018-11-26 15:18:52 [INFO] [custom/test/monitor/bin/source/httpServer.go:74] æ‰§è¡Œå‘½ä»¤é”™è¯¯EOF

2018-11-26 15:18:52 [INFO] [custom/test/monitor/bin/source/httpServer.go:78] æ‰§è¡Œå‘½ä»¤:./restart.bat  å®Œæˆ
2018-11-26 15:19:36 [INFO] [custom/test/monitor/bin/source/httpServer.go:22] å¯åŠ¨è¿ç»´æœåŠ¡ .ç«¯å£1210..
2018-11-26 15:19:39 [INFO] [custom/test/monitor/bin/source/httpServer.go:39] æ“ä½œäººï¼šlihs,æ“ä½œä»»åŠ¡batï¼š./restart.bat 
2018-11-26 15:19:39 [INFO] [custom/test/monitor/bin/source/httpServer.go:74] æ‰§è¡Œå‘½ä»¤é”™è¯¯ï¼šEOF
2018-11-26 15:19:39 [INFO] [custom/test/monitor/bin/source/httpServer.go:78] æ‰§è¡Œå‘½ä»¤:./restart.bat  å®Œæˆ
2018-11-26 15:19:41 [INFO] [custom/test/monitor/bin/source/httpServer.go:39] æ“ä½œäººï¼šlihs,æ“ä½œä»»åŠ¡batï¼š./restart.bat 
2018-11-26 15:19:41 [INFO] [custom/test/monitor/bin/source/httpServer.go:74] æ‰§è¡Œå‘½ä»¤é”™è¯¯ï¼šEOF
2018-11-26 15:19:41 [INFO] [custom/test/monitor/bin/source/httpServer.go:78] æ‰§è¡Œå‘½ä»¤:./restart.bat  å®Œæˆ
2018-11-26 15:19:49 [INFO] [custom/test/monitor/bin/source/httpServer.go:22] å¯åŠ¨è¿ç»´æœåŠ¡ .ç«¯å£1210..
2018-11-26 15:19:54 [INFO] [custom/test/monitor/bin/source/httpServer.go:39] æ“ä½œäººï¼šlihs,æ“ä½œä»»åŠ¡batï¼š./restart.bat 
2018-11-26 15:19:54 [INFO] [custom/test/monitor/bin/source/httpServer.go:74] D:\workspaces\go\src\custom\test\monitor\bin>for /F "tokens=5" %i in ('netstat -aon | findstr ":9443"') do (taskkill /F /PID  %i ) 
D:\workspaces\go\src\custom\test\monitor\bin>(taskkill /F /PID  13776 ) 
æˆåŠŸ: å·²ç»ˆæ­¢ PID ä¸º 13776 çš„è¿›ç¨‹ã€‚
D:\workspaces\go\src\custom\test\monitor\bin>(taskkill /F /PID  13776 ) 
D:\workspaces\go\src\custom\test\monitor\bin>start cmd /k D:\\Program\\WSO2\\"API Manager"\\2.5.0\\bin\\wso2server.bat 
D:\workspaces\go\src\custom\test\monitor\bin>exit

2018-11-26 15:19:54 [INFO] [custom/test/monitor/bin/source/httpServer.go:78] æ‰§è¡Œå‘½ä»¤:./restart.bat  å®Œæˆ
2018-11-26 15:21:26 [INFO] [custom/test/monitor/bin/source/httpServer.go:22] å¯åŠ¨è¿ç»´æœåŠ¡ .ç«¯å£1210..
2018-11-26 15:21:31 [INFO] [custom/test/monitor/bin/source/httpServer.go:22] å¯åŠ¨è¿ç»´æœåŠ¡ .ç«¯å£1210..
2018-11-26 15:21:36 [INFO] [custom/test/monitor/bin/source/httpServer.go:39] æ“ä½œäººï¼šlihs,æ“ä½œä»»åŠ¡batï¼š./restart.bat 
2018-11-26 15:21:36 [INFO] [custom/test/monitor/bin/source/httpServer.go:74] [0;%dmD:\workspaces\go\src\custom\test\monitor\bin>for /F "tokens=5" %i in ('netstat -aon | findstr ":9443"') do (taskkill /F /PID  %i ) 
D:\workspaces\go\src\custom\test\monitor\bin>(taskkill /F /PID  23080 ) 
æˆåŠŸ: å·²ç»ˆæ­¢ PID ä¸º 23080 çš„è¿›ç¨‹ã€‚
D:\workspaces\go\src\custom\test\monitor\bin>(taskkill /F /PID  23080 ) 
D:\workspaces\go\src\custom\test\monitor\bin>start cmd /k D:\\Program\\WSO2\\"API Manager"\\2.5.0\\bin\\wso2server.bat 
D:\workspaces\go\src\custom\test\monitor\bin>exit

[0m
2018-11-26 15:21:36 [INFO] [custom/test/monitor/bin/source/httpServer.go:78] æ‰§è¡Œå‘½ä»¤:./restart.bat  å®Œæˆ
